Terminals unused in grammar

   ASSIGN
   SUB
   ADD
   MUL
   LOWER_THAN_ELSE


State 63 conflicts: 10 shift/reduce
State 64 conflicts: 10 shift/reduce
State 91 conflicts: 10 shift/reduce
State 92 conflicts: 10 shift/reduce
State 93 conflicts: 10 shift/reduce
State 94 conflicts: 10 shift/reduce
State 95 conflicts: 10 shift/reduce
State 96 conflicts: 10 shift/reduce
State 97 conflicts: 10 shift/reduce
State 98 conflicts: 9 shift/reduce


Grammar

    0 $accept: Program $end

    1 Program: ExtDefList

    2 ExtDefList: ExtDef ExtDefList
    3           | /* empty */

    4 ExtDef: Specifier ExtDecList SEMI
    5       | Specifier SEMI
    6       | Specifier FunDec CompSt

    7 ExtDecList: VarDec
    8           | VarDec COMMA ExtDecList

    9 Specifier: TYPE
   10          | StructSpecifier

   11 StructSpecifier: STRUCT OptTag LC DefList RC
   12                | STRUCT Tag

   13 OptTag: ID
   14       | /* empty */

   15 Tag: ID

   16 VarDec: ID
   17       | VarDec LB INT RB

   18 FunDec: ID LP VarList RP
   19       | ID LP RP

   20 VarList: ParamDec COMMA VarList
   21        | ParamDec

   22 ParamDec: Specifier VarDec

   23 CompSt: LC DefList StmtList RC

   24 StmtList: Stmt StmtList
   25         | /* empty */

   26 Stmt: Exp SEMI
   27     | CompSt
   28     | RETURN Exp SEMI
   29     | IF LP Exp RP Stmt ELSE Stmt
   30     | WHILE LP Exp RP Stmt

   31 DefList: Def DefList
   32        | /* empty */

   33 Def: Specifier DecList SEMI

   34 DecList: Dec
   35        | Dec COMMA DecList

   36 Dec: VarDec
   37    | VarDec ASSIGNOP Exp

   38 Exp: Exp ASSIGNOP Exp
   39    | Exp AND Exp
   40    | Exp OR Exp
   41    | Exp RELOP Exp
   42    | Exp PLUS Exp
   43    | Exp MINUS Exp
   44    | Exp STAR Exp
   45    | Exp DIV Exp
   46    | LP Exp RP
   47    | MINUS Exp
   48    | NOT Exp
   49    | ID LP Args RP
   50    | ID LP RP
   51    | Exp LB Exp RB
   52    | Exp DOT ID
   53    | ID
   54    | INT
   55    | FLOAT

   56 Args: Exp COMMA Args
   57     | Exp


Terminals, with rules where they appear

$end (0) 0
error (256)
INT (258) 17 54
FLOAT (259) 55
TYPE (260) 9
ID (261) 13 15 16 18 19 49 50 52 53
SEMI (262) 4 5 26 28 33
COMMA (263) 8 20 35 56
ASSIGNOP (264) 37 38
AND (265) 39
OR (266) 40
NOT (267) 48
RELOP (268) 41
PLUS (269) 42
MINUS (270) 43 47
STAR (271) 44
DIV (272) 45
DOT (273) 52
LP (274) 18 19 29 30 46 49 50
RP (275) 18 19 29 30 46 49 50
LB (276) 17 51
RB (277) 17 51
LC (278) 11 23
RC (279) 11 23
RETURN (280) 28
IF (281) 29
ELSE (282) 29
WHILE (283) 30
STRUCT (284) 11 12
ASSIGN (285)
SUB (286)
ADD (287)
MUL (288)
LOWER_THAN_ELSE (289)


Nonterminals, with rules where they appear

$accept (35)
    on left: 0
Program (36)
    on left: 1, on right: 0
ExtDefList (37)
    on left: 2 3, on right: 1 2
ExtDef (38)
    on left: 4 5 6, on right: 2
ExtDecList (39)
    on left: 7 8, on right: 4 8
Specifier (40)
    on left: 9 10, on right: 4 5 6 22 33
StructSpecifier (41)
    on left: 11 12, on right: 10
OptTag (42)
    on left: 13 14, on right: 11
Tag (43)
    on left: 15, on right: 12
VarDec (44)
    on left: 16 17, on right: 7 8 17 22 36 37
FunDec (45)
    on left: 18 19, on right: 6
VarList (46)
    on left: 20 21, on right: 18 20
ParamDec (47)
    on left: 22, on right: 20 21
CompSt (48)
    on left: 23, on right: 6 27
StmtList (49)
    on left: 24 25, on right: 23 24
Stmt (50)
    on left: 26 27 28 29 30, on right: 24 29 30
DefList (51)
    on left: 31 32, on right: 11 23 31
Def (52)
    on left: 33, on right: 31
DecList (53)
    on left: 34 35, on right: 33 35
Dec (54)
    on left: 36 37, on right: 34 35
Exp (55)
    on left: 38 39 40 41 42 43 44 45 46 47 48 49 50 51 52 53 54 55,
    on right: 26 28 29 30 37 38 39 40 41 42 43 44 45 46 47 48 51 52
    56 57
Args (56)
    on left: 56 57, on right: 49 56


state 0

    0 $accept: . Program $end

    TYPE    shift, and go to state 1
    STRUCT  shift, and go to state 2

    $default  reduce using rule 3 (ExtDefList)

    Program          go to state 3
    ExtDefList       go to state 4
    ExtDef           go to state 5
    Specifier        go to state 6
    StructSpecifier  go to state 7


state 1

    9 Specifier: TYPE .

    $default  reduce using rule 9 (Specifier)


state 2

   11 StructSpecifier: STRUCT . OptTag LC DefList RC
   12                | STRUCT . Tag

    ID  shift, and go to state 8

    $default  reduce using rule 14 (OptTag)

    OptTag  go to state 9
    Tag     go to state 10


state 3

    0 $accept: Program . $end

    $end  shift, and go to state 11


state 4

    1 Program: ExtDefList .

    $default  reduce using rule 1 (Program)


state 5

    2 ExtDefList: ExtDef . ExtDefList

    TYPE    shift, and go to state 1
    STRUCT  shift, and go to state 2

    $default  reduce using rule 3 (ExtDefList)

    ExtDefList       go to state 12
    ExtDef           go to state 5
    Specifier        go to state 6
    StructSpecifier  go to state 7


state 6

    4 ExtDef: Specifier . ExtDecList SEMI
    5       | Specifier . SEMI
    6       | Specifier . FunDec CompSt

    ID    shift, and go to state 13
    SEMI  shift, and go to state 14

    ExtDecList  go to state 15
    VarDec      go to state 16
    FunDec      go to state 17


state 7

   10 Specifier: StructSpecifier .

    $default  reduce using rule 10 (Specifier)


state 8

   13 OptTag: ID .
   15 Tag: ID .

    LC        reduce using rule 13 (OptTag)
    $default  reduce using rule 15 (Tag)


state 9

   11 StructSpecifier: STRUCT OptTag . LC DefList RC

    LC  shift, and go to state 18


state 10

   12 StructSpecifier: STRUCT Tag .

    $default  reduce using rule 12 (StructSpecifier)


state 11

    0 $accept: Program $end .

    $default  accept


state 12

    2 ExtDefList: ExtDef ExtDefList .

    $default  reduce using rule 2 (ExtDefList)


state 13

   16 VarDec: ID .
   18 FunDec: ID . LP VarList RP
   19       | ID . LP RP

    LP  shift, and go to state 19

    $default  reduce using rule 16 (VarDec)


state 14

    5 ExtDef: Specifier SEMI .

    $default  reduce using rule 5 (ExtDef)


state 15

    4 ExtDef: Specifier ExtDecList . SEMI

    SEMI  shift, and go to state 20


state 16

    7 ExtDecList: VarDec .
    8           | VarDec . COMMA ExtDecList
   17 VarDec: VarDec . LB INT RB

    COMMA  shift, and go to state 21
    LB     shift, and go to state 22

    $default  reduce using rule 7 (ExtDecList)


state 17

    6 ExtDef: Specifier FunDec . CompSt

    LC  shift, and go to state 23

    CompSt  go to state 24


state 18

   11 StructSpecifier: STRUCT OptTag LC . DefList RC

    TYPE    shift, and go to state 1
    STRUCT  shift, and go to state 2

    $default  reduce using rule 32 (DefList)

    Specifier        go to state 25
    StructSpecifier  go to state 7
    DefList          go to state 26
    Def              go to state 27


state 19

   18 FunDec: ID LP . VarList RP
   19       | ID LP . RP

    TYPE    shift, and go to state 1
    RP      shift, and go to state 28
    STRUCT  shift, and go to state 2

    Specifier        go to state 29
    StructSpecifier  go to state 7
    VarList          go to state 30
    ParamDec         go to state 31


state 20

    4 ExtDef: Specifier ExtDecList SEMI .

    $default  reduce using rule 4 (ExtDef)


state 21

    8 ExtDecList: VarDec COMMA . ExtDecList

    ID  shift, and go to state 32

    ExtDecList  go to state 33
    VarDec      go to state 16


state 22

   17 VarDec: VarDec LB . INT RB

    INT  shift, and go to state 34


state 23

   23 CompSt: LC . DefList StmtList RC

    TYPE    shift, and go to state 1
    STRUCT  shift, and go to state 2

    $default  reduce using rule 32 (DefList)

    Specifier        go to state 25
    StructSpecifier  go to state 7
    DefList          go to state 35
    Def              go to state 27


state 24

    6 ExtDef: Specifier FunDec CompSt .

    $default  reduce using rule 6 (ExtDef)


state 25

   33 Def: Specifier . DecList SEMI

    ID  shift, and go to state 32

    VarDec   go to state 36
    DecList  go to state 37
    Dec      go to state 38


state 26

   11 StructSpecifier: STRUCT OptTag LC DefList . RC

    RC  shift, and go to state 39


state 27

   31 DefList: Def . DefList

    TYPE    shift, and go to state 1
    STRUCT  shift, and go to state 2

    $default  reduce using rule 32 (DefList)

    Specifier        go to state 25
    StructSpecifier  go to state 7
    DefList          go to state 40
    Def              go to state 27


state 28

   19 FunDec: ID LP RP .

    $default  reduce using rule 19 (FunDec)


state 29

   22 ParamDec: Specifier . VarDec

    ID  shift, and go to state 32

    VarDec  go to state 41


state 30

   18 FunDec: ID LP VarList . RP

    RP  shift, and go to state 42


state 31

   20 VarList: ParamDec . COMMA VarList
   21        | ParamDec .

    COMMA  shift, and go to state 43

    $default  reduce using rule 21 (VarList)


state 32

   16 VarDec: ID .

    $default  reduce using rule 16 (VarDec)


state 33

    8 ExtDecList: VarDec COMMA ExtDecList .

    $default  reduce using rule 8 (ExtDecList)


state 34

   17 VarDec: VarDec LB INT . RB

    RB  shift, and go to state 44


state 35

   23 CompSt: LC DefList . StmtList RC

    INT     shift, and go to state 45
    FLOAT   shift, and go to state 46
    ID      shift, and go to state 47
    NOT     shift, and go to state 48
    MINUS   shift, and go to state 49
    LP      shift, and go to state 50
    LC      shift, and go to state 23
    RETURN  shift, and go to state 51
    IF      shift, and go to state 52
    WHILE   shift, and go to state 53

    $default  reduce using rule 25 (StmtList)

    CompSt    go to state 54
    StmtList  go to state 55
    Stmt      go to state 56
    Exp       go to state 57


state 36

   17 VarDec: VarDec . LB INT RB
   36 Dec: VarDec .
   37    | VarDec . ASSIGNOP Exp

    ASSIGNOP  shift, and go to state 58
    LB        shift, and go to state 22

    $default  reduce using rule 36 (Dec)


state 37

   33 Def: Specifier DecList . SEMI

    SEMI  shift, and go to state 59


state 38

   34 DecList: Dec .
   35        | Dec . COMMA DecList

    COMMA  shift, and go to state 60

    $default  reduce using rule 34 (DecList)


state 39

   11 StructSpecifier: STRUCT OptTag LC DefList RC .

    $default  reduce using rule 11 (StructSpecifier)


state 40

   31 DefList: Def DefList .

    $default  reduce using rule 31 (DefList)


state 41

   17 VarDec: VarDec . LB INT RB
   22 ParamDec: Specifier VarDec .

    LB  shift, and go to state 22

    $default  reduce using rule 22 (ParamDec)


state 42

   18 FunDec: ID LP VarList RP .

    $default  reduce using rule 18 (FunDec)


state 43

   20 VarList: ParamDec COMMA . VarList

    TYPE    shift, and go to state 1
    STRUCT  shift, and go to state 2

    Specifier        go to state 29
    StructSpecifier  go to state 7
    VarList          go to state 61
    ParamDec         go to state 31


state 44

   17 VarDec: VarDec LB INT RB .

    $default  reduce using rule 17 (VarDec)


state 45

   54 Exp: INT .

    $default  reduce using rule 54 (Exp)


state 46

   55 Exp: FLOAT .

    $default  reduce using rule 55 (Exp)


state 47

   49 Exp: ID . LP Args RP
   50    | ID . LP RP
   53    | ID .

    LP  shift, and go to state 62

    $default  reduce using rule 53 (Exp)


state 48

   48 Exp: NOT . Exp

    INT    shift, and go to state 45
    FLOAT  shift, and go to state 46
    ID     shift, and go to state 47
    NOT    shift, and go to state 48
    MINUS  shift, and go to state 49
    LP     shift, and go to state 50

    Exp  go to state 63


state 49

   47 Exp: MINUS . Exp

    INT    shift, and go to state 45
    FLOAT  shift, and go to state 46
    ID     shift, and go to state 47
    NOT    shift, and go to state 48
    MINUS  shift, and go to state 49
    LP     shift, and go to state 50

    Exp  go to state 64


state 50

   46 Exp: LP . Exp RP

    INT    shift, and go to state 45
    FLOAT  shift, and go to state 46
    ID     shift, and go to state 47
    NOT    shift, and go to state 48
    MINUS  shift, and go to state 49
    LP     shift, and go to state 50

    Exp  go to state 65


state 51

   28 Stmt: RETURN . Exp SEMI

    INT    shift, and go to state 45
    FLOAT  shift, and go to state 46
    ID     shift, and go to state 47
    NOT    shift, and go to state 48
    MINUS  shift, and go to state 49
    LP     shift, and go to state 50

    Exp  go to state 66


state 52

   29 Stmt: IF . LP Exp RP Stmt ELSE Stmt

    LP  shift, and go to state 67


state 53

   30 Stmt: WHILE . LP Exp RP Stmt

    LP  shift, and go to state 68


state 54

   27 Stmt: CompSt .

    $default  reduce using rule 27 (Stmt)


state 55

   23 CompSt: LC DefList StmtList . RC

    RC  shift, and go to state 69


state 56

   24 StmtList: Stmt . StmtList

    INT     shift, and go to state 45
    FLOAT   shift, and go to state 46
    ID      shift, and go to state 47
    NOT     shift, and go to state 48
    MINUS   shift, and go to state 49
    LP      shift, and go to state 50
    LC      shift, and go to state 23
    RETURN  shift, and go to state 51
    IF      shift, and go to state 52
    WHILE   shift, and go to state 53

    $default  reduce using rule 25 (StmtList)

    CompSt    go to state 54
    StmtList  go to state 70
    Stmt      go to state 56
    Exp       go to state 57


state 57

   26 Stmt: Exp . SEMI
   38 Exp: Exp . ASSIGNOP Exp
   39    | Exp . AND Exp
   40    | Exp . OR Exp
   41    | Exp . RELOP Exp
   42    | Exp . PLUS Exp
   43    | Exp . MINUS Exp
   44    | Exp . STAR Exp
   45    | Exp . DIV Exp
   51    | Exp . LB Exp RB
   52    | Exp . DOT ID

    SEMI      shift, and go to state 71
    ASSIGNOP  shift, and go to state 72
    AND       shift, and go to state 73
    OR        shift, and go to state 74
    RELOP     shift, and go to state 75
    PLUS      shift, and go to state 76
    MINUS     shift, and go to state 77
    STAR      shift, and go to state 78
    DIV       shift, and go to state 79
    DOT       shift, and go to state 80
    LB        shift, and go to state 81


state 58

   37 Dec: VarDec ASSIGNOP . Exp

    INT    shift, and go to state 45
    FLOAT  shift, and go to state 46
    ID     shift, and go to state 47
    NOT    shift, and go to state 48
    MINUS  shift, and go to state 49
    LP     shift, and go to state 50

    Exp  go to state 82


state 59

   33 Def: Specifier DecList SEMI .

    $default  reduce using rule 33 (Def)


state 60

   35 DecList: Dec COMMA . DecList

    ID  shift, and go to state 32

    VarDec   go to state 36
    DecList  go to state 83
    Dec      go to state 38


state 61

   20 VarList: ParamDec COMMA VarList .

    $default  reduce using rule 20 (VarList)


state 62

   49 Exp: ID LP . Args RP
   50    | ID LP . RP

    INT    shift, and go to state 45
    FLOAT  shift, and go to state 46
    ID     shift, and go to state 47
    NOT    shift, and go to state 48
    MINUS  shift, and go to state 49
    LP     shift, and go to state 50
    RP     shift, and go to state 84

    Exp   go to state 85
    Args  go to state 86


state 63

   38 Exp: Exp . ASSIGNOP Exp
   39    | Exp . AND Exp
   40    | Exp . OR Exp
   41    | Exp . RELOP Exp
   42    | Exp . PLUS Exp
   43    | Exp . MINUS Exp
   44    | Exp . STAR Exp
   45    | Exp . DIV Exp
   48    | NOT Exp .
   51    | Exp . LB Exp RB
   52    | Exp . DOT ID

    ASSIGNOP  shift, and go to state 72
    AND       shift, and go to state 73
    OR        shift, and go to state 74
    RELOP     shift, and go to state 75
    PLUS      shift, and go to state 76
    MINUS     shift, and go to state 77
    STAR      shift, and go to state 78
    DIV       shift, and go to state 79
    DOT       shift, and go to state 80
    LB        shift, and go to state 81

    ASSIGNOP  [reduce using rule 48 (Exp)]
    AND       [reduce using rule 48 (Exp)]
    OR        [reduce using rule 48 (Exp)]
    RELOP     [reduce using rule 48 (Exp)]
    PLUS      [reduce using rule 48 (Exp)]
    MINUS     [reduce using rule 48 (Exp)]
    STAR      [reduce using rule 48 (Exp)]
    DIV       [reduce using rule 48 (Exp)]
    DOT       [reduce using rule 48 (Exp)]
    LB        [reduce using rule 48 (Exp)]
    $default  reduce using rule 48 (Exp)


state 64

   38 Exp: Exp . ASSIGNOP Exp
   39    | Exp . AND Exp
   40    | Exp . OR Exp
   41    | Exp . RELOP Exp
   42    | Exp . PLUS Exp
   43    | Exp . MINUS Exp
   44    | Exp . STAR Exp
   45    | Exp . DIV Exp
   47    | MINUS Exp .
   51    | Exp . LB Exp RB
   52    | Exp . DOT ID

    ASSIGNOP  shift, and go to state 72
    AND       shift, and go to state 73
    OR        shift, and go to state 74
    RELOP     shift, and go to state 75
    PLUS      shift, and go to state 76
    MINUS     shift, and go to state 77
    STAR      shift, and go to state 78
    DIV       shift, and go to state 79
    DOT       shift, and go to state 80
    LB        shift, and go to state 81

    ASSIGNOP  [reduce using rule 47 (Exp)]
    AND       [reduce using rule 47 (Exp)]
    OR        [reduce using rule 47 (Exp)]
    RELOP     [reduce using rule 47 (Exp)]
    PLUS      [reduce using rule 47 (Exp)]
    MINUS     [reduce using rule 47 (Exp)]
    STAR      [reduce using rule 47 (Exp)]
    DIV       [reduce using rule 47 (Exp)]
    DOT       [reduce using rule 47 (Exp)]
    LB        [reduce using rule 47 (Exp)]
    $default  reduce using rule 47 (Exp)


state 65

   38 Exp: Exp . ASSIGNOP Exp
   39    | Exp . AND Exp
   40    | Exp . OR Exp
   41    | Exp . RELOP Exp
   42    | Exp . PLUS Exp
   43    | Exp . MINUS Exp
   44    | Exp . STAR Exp
   45    | Exp . DIV Exp
   46    | LP Exp . RP
   51    | Exp . LB Exp RB
   52    | Exp . DOT ID

    ASSIGNOP  shift, and go to state 72
    AND       shift, and go to state 73
    OR        shift, and go to state 74
    RELOP     shift, and go to state 75
    PLUS      shift, and go to state 76
    MINUS     shift, and go to state 77
    STAR      shift, and go to state 78
    DIV       shift, and go to state 79
    DOT       shift, and go to state 80
    RP        shift, and go to state 87
    LB        shift, and go to state 81


state 66

   28 Stmt: RETURN Exp . SEMI
   38 Exp: Exp . ASSIGNOP Exp
   39    | Exp . AND Exp
   40    | Exp . OR Exp
   41    | Exp . RELOP Exp
   42    | Exp . PLUS Exp
   43    | Exp . MINUS Exp
   44    | Exp . STAR Exp
   45    | Exp . DIV Exp
   51    | Exp . LB Exp RB
   52    | Exp . DOT ID

    SEMI      shift, and go to state 88
    ASSIGNOP  shift, and go to state 72
    AND       shift, and go to state 73
    OR        shift, and go to state 74
    RELOP     shift, and go to state 75
    PLUS      shift, and go to state 76
    MINUS     shift, and go to state 77
    STAR      shift, and go to state 78
    DIV       shift, and go to state 79
    DOT       shift, and go to state 80
    LB        shift, and go to state 81


state 67

   29 Stmt: IF LP . Exp RP Stmt ELSE Stmt

    INT    shift, and go to state 45
    FLOAT  shift, and go to state 46
    ID     shift, and go to state 47
    NOT    shift, and go to state 48
    MINUS  shift, and go to state 49
    LP     shift, and go to state 50

    Exp  go to state 89


state 68

   30 Stmt: WHILE LP . Exp RP Stmt

    INT    shift, and go to state 45
    FLOAT  shift, and go to state 46
    ID     shift, and go to state 47
    NOT    shift, and go to state 48
    MINUS  shift, and go to state 49
    LP     shift, and go to state 50

    Exp  go to state 90


state 69

   23 CompSt: LC DefList StmtList RC .

    $default  reduce using rule 23 (CompSt)


state 70

   24 StmtList: Stmt StmtList .

    $default  reduce using rule 24 (StmtList)


state 71

   26 Stmt: Exp SEMI .

    $default  reduce using rule 26 (Stmt)


state 72

   38 Exp: Exp ASSIGNOP . Exp

    INT    shift, and go to state 45
    FLOAT  shift, and go to state 46
    ID     shift, and go to state 47
    NOT    shift, and go to state 48
    MINUS  shift, and go to state 49
    LP     shift, and go to state 50

    Exp  go to state 91


state 73

   39 Exp: Exp AND . Exp

    INT    shift, and go to state 45
    FLOAT  shift, and go to state 46
    ID     shift, and go to state 47
    NOT    shift, and go to state 48
    MINUS  shift, and go to state 49
    LP     shift, and go to state 50

    Exp  go to state 92


state 74

   40 Exp: Exp OR . Exp

    INT    shift, and go to state 45
    FLOAT  shift, and go to state 46
    ID     shift, and go to state 47
    NOT    shift, and go to state 48
    MINUS  shift, and go to state 49
    LP     shift, and go to state 50

    Exp  go to state 93


state 75

   41 Exp: Exp RELOP . Exp

    INT    shift, and go to state 45
    FLOAT  shift, and go to state 46
    ID     shift, and go to state 47
    NOT    shift, and go to state 48
    MINUS  shift, and go to state 49
    LP     shift, and go to state 50

    Exp  go to state 94


state 76

   42 Exp: Exp PLUS . Exp

    INT    shift, and go to state 45
    FLOAT  shift, and go to state 46
    ID     shift, and go to state 47
    NOT    shift, and go to state 48
    MINUS  shift, and go to state 49
    LP     shift, and go to state 50

    Exp  go to state 95


state 77

   43 Exp: Exp MINUS . Exp

    INT    shift, and go to state 45
    FLOAT  shift, and go to state 46
    ID     shift, and go to state 47
    NOT    shift, and go to state 48
    MINUS  shift, and go to state 49
    LP     shift, and go to state 50

    Exp  go to state 96


state 78

   44 Exp: Exp STAR . Exp

    INT    shift, and go to state 45
    FLOAT  shift, and go to state 46
    ID     shift, and go to state 47
    NOT    shift, and go to state 48
    MINUS  shift, and go to state 49
    LP     shift, and go to state 50

    Exp  go to state 97


state 79

   45 Exp: Exp DIV . Exp

    INT    shift, and go to state 45
    FLOAT  shift, and go to state 46
    ID     shift, and go to state 47
    NOT    shift, and go to state 48
    MINUS  shift, and go to state 49
    LP     shift, and go to state 50

    Exp  go to state 98


state 80

   52 Exp: Exp DOT . ID

    ID  shift, and go to state 99


state 81

   51 Exp: Exp LB . Exp RB

    INT    shift, and go to state 45
    FLOAT  shift, and go to state 46
    ID     shift, and go to state 47
    NOT    shift, and go to state 48
    MINUS  shift, and go to state 49
    LP     shift, and go to state 50

    Exp  go to state 100


state 82

   37 Dec: VarDec ASSIGNOP Exp .
   38 Exp: Exp . ASSIGNOP Exp
   39    | Exp . AND Exp
   40    | Exp . OR Exp
   41    | Exp . RELOP Exp
   42    | Exp . PLUS Exp
   43    | Exp . MINUS Exp
   44    | Exp . STAR Exp
   45    | Exp . DIV Exp
   51    | Exp . LB Exp RB
   52    | Exp . DOT ID

    ASSIGNOP  shift, and go to state 72
    AND       shift, and go to state 73
    OR        shift, and go to state 74
    RELOP     shift, and go to state 75
    PLUS      shift, and go to state 76
    MINUS     shift, and go to state 77
    STAR      shift, and go to state 78
    DIV       shift, and go to state 79
    DOT       shift, and go to state 80
    LB        shift, and go to state 81

    $default  reduce using rule 37 (Dec)


state 83

   35 DecList: Dec COMMA DecList .

    $default  reduce using rule 35 (DecList)


state 84

   50 Exp: ID LP RP .

    $default  reduce using rule 50 (Exp)


state 85

   38 Exp: Exp . ASSIGNOP Exp
   39    | Exp . AND Exp
   40    | Exp . OR Exp
   41    | Exp . RELOP Exp
   42    | Exp . PLUS Exp
   43    | Exp . MINUS Exp
   44    | Exp . STAR Exp
   45    | Exp . DIV Exp
   51    | Exp . LB Exp RB
   52    | Exp . DOT ID
   56 Args: Exp . COMMA Args
   57     | Exp .

    COMMA     shift, and go to state 101
    ASSIGNOP  shift, and go to state 72
    AND       shift, and go to state 73
    OR        shift, and go to state 74
    RELOP     shift, and go to state 75
    PLUS      shift, and go to state 76
    MINUS     shift, and go to state 77
    STAR      shift, and go to state 78
    DIV       shift, and go to state 79
    DOT       shift, and go to state 80
    LB        shift, and go to state 81

    $default  reduce using rule 57 (Args)


state 86

   49 Exp: ID LP Args . RP

    RP  shift, and go to state 102


state 87

   46 Exp: LP Exp RP .

    $default  reduce using rule 46 (Exp)


state 88

   28 Stmt: RETURN Exp SEMI .

    $default  reduce using rule 28 (Stmt)


state 89

   29 Stmt: IF LP Exp . RP Stmt ELSE Stmt
   38 Exp: Exp . ASSIGNOP Exp
   39    | Exp . AND Exp
   40    | Exp . OR Exp
   41    | Exp . RELOP Exp
   42    | Exp . PLUS Exp
   43    | Exp . MINUS Exp
   44    | Exp . STAR Exp
   45    | Exp . DIV Exp
   51    | Exp . LB Exp RB
   52    | Exp . DOT ID

    ASSIGNOP  shift, and go to state 72
    AND       shift, and go to state 73
    OR        shift, and go to state 74
    RELOP     shift, and go to state 75
    PLUS      shift, and go to state 76
    MINUS     shift, and go to state 77
    STAR      shift, and go to state 78
    DIV       shift, and go to state 79
    DOT       shift, and go to state 80
    RP        shift, and go to state 103
    LB        shift, and go to state 81


state 90

   30 Stmt: WHILE LP Exp . RP Stmt
   38 Exp: Exp . ASSIGNOP Exp
   39    | Exp . AND Exp
   40    | Exp . OR Exp
   41    | Exp . RELOP Exp
   42    | Exp . PLUS Exp
   43    | Exp . MINUS Exp
   44    | Exp . STAR Exp
   45    | Exp . DIV Exp
   51    | Exp . LB Exp RB
   52    | Exp . DOT ID

    ASSIGNOP  shift, and go to state 72
    AND       shift, and go to state 73
    OR        shift, and go to state 74
    RELOP     shift, and go to state 75
    PLUS      shift, and go to state 76
    MINUS     shift, and go to state 77
    STAR      shift, and go to state 78
    DIV       shift, and go to state 79
    DOT       shift, and go to state 80
    RP        shift, and go to state 104
    LB        shift, and go to state 81


state 91

   38 Exp: Exp . ASSIGNOP Exp
   38    | Exp ASSIGNOP Exp .
   39    | Exp . AND Exp
   40    | Exp . OR Exp
   41    | Exp . RELOP Exp
   42    | Exp . PLUS Exp
   43    | Exp . MINUS Exp
   44    | Exp . STAR Exp
   45    | Exp . DIV Exp
   51    | Exp . LB Exp RB
   52    | Exp . DOT ID

    ASSIGNOP  shift, and go to state 72
    AND       shift, and go to state 73
    OR        shift, and go to state 74
    RELOP     shift, and go to state 75
    PLUS      shift, and go to state 76
    MINUS     shift, and go to state 77
    STAR      shift, and go to state 78
    DIV       shift, and go to state 79
    DOT       shift, and go to state 80
    LB        shift, and go to state 81

    ASSIGNOP  [reduce using rule 38 (Exp)]
    AND       [reduce using rule 38 (Exp)]
    OR        [reduce using rule 38 (Exp)]
    RELOP     [reduce using rule 38 (Exp)]
    PLUS      [reduce using rule 38 (Exp)]
    MINUS     [reduce using rule 38 (Exp)]
    STAR      [reduce using rule 38 (Exp)]
    DIV       [reduce using rule 38 (Exp)]
    DOT       [reduce using rule 38 (Exp)]
    LB        [reduce using rule 38 (Exp)]
    $default  reduce using rule 38 (Exp)


state 92

   38 Exp: Exp . ASSIGNOP Exp
   39    | Exp . AND Exp
   39    | Exp AND Exp .
   40    | Exp . OR Exp
   41    | Exp . RELOP Exp
   42    | Exp . PLUS Exp
   43    | Exp . MINUS Exp
   44    | Exp . STAR Exp
   45    | Exp . DIV Exp
   51    | Exp . LB Exp RB
   52    | Exp . DOT ID

    ASSIGNOP  shift, and go to state 72
    AND       shift, and go to state 73
    OR        shift, and go to state 74
    RELOP     shift, and go to state 75
    PLUS      shift, and go to state 76
    MINUS     shift, and go to state 77
    STAR      shift, and go to state 78
    DIV       shift, and go to state 79
    DOT       shift, and go to state 80
    LB        shift, and go to state 81

    ASSIGNOP  [reduce using rule 39 (Exp)]
    AND       [reduce using rule 39 (Exp)]
    OR        [reduce using rule 39 (Exp)]
    RELOP     [reduce using rule 39 (Exp)]
    PLUS      [reduce using rule 39 (Exp)]
    MINUS     [reduce using rule 39 (Exp)]
    STAR      [reduce using rule 39 (Exp)]
    DIV       [reduce using rule 39 (Exp)]
    DOT       [reduce using rule 39 (Exp)]
    LB        [reduce using rule 39 (Exp)]
    $default  reduce using rule 39 (Exp)


state 93

   38 Exp: Exp . ASSIGNOP Exp
   39    | Exp . AND Exp
   40    | Exp . OR Exp
   40    | Exp OR Exp .
   41    | Exp . RELOP Exp
   42    | Exp . PLUS Exp
   43    | Exp . MINUS Exp
   44    | Exp . STAR Exp
   45    | Exp . DIV Exp
   51    | Exp . LB Exp RB
   52    | Exp . DOT ID

    ASSIGNOP  shift, and go to state 72
    AND       shift, and go to state 73
    OR        shift, and go to state 74
    RELOP     shift, and go to state 75
    PLUS      shift, and go to state 76
    MINUS     shift, and go to state 77
    STAR      shift, and go to state 78
    DIV       shift, and go to state 79
    DOT       shift, and go to state 80
    LB        shift, and go to state 81

    ASSIGNOP  [reduce using rule 40 (Exp)]
    AND       [reduce using rule 40 (Exp)]
    OR        [reduce using rule 40 (Exp)]
    RELOP     [reduce using rule 40 (Exp)]
    PLUS      [reduce using rule 40 (Exp)]
    MINUS     [reduce using rule 40 (Exp)]
    STAR      [reduce using rule 40 (Exp)]
    DIV       [reduce using rule 40 (Exp)]
    DOT       [reduce using rule 40 (Exp)]
    LB        [reduce using rule 40 (Exp)]
    $default  reduce using rule 40 (Exp)


state 94

   38 Exp: Exp . ASSIGNOP Exp
   39    | Exp . AND Exp
   40    | Exp . OR Exp
   41    | Exp . RELOP Exp
   41    | Exp RELOP Exp .
   42    | Exp . PLUS Exp
   43    | Exp . MINUS Exp
   44    | Exp . STAR Exp
   45    | Exp . DIV Exp
   51    | Exp . LB Exp RB
   52    | Exp . DOT ID

    ASSIGNOP  shift, and go to state 72
    AND       shift, and go to state 73
    OR        shift, and go to state 74
    RELOP     shift, and go to state 75
    PLUS      shift, and go to state 76
    MINUS     shift, and go to state 77
    STAR      shift, and go to state 78
    DIV       shift, and go to state 79
    DOT       shift, and go to state 80
    LB        shift, and go to state 81

    ASSIGNOP  [reduce using rule 41 (Exp)]
    AND       [reduce using rule 41 (Exp)]
    OR        [reduce using rule 41 (Exp)]
    RELOP     [reduce using rule 41 (Exp)]
    PLUS      [reduce using rule 41 (Exp)]
    MINUS     [reduce using rule 41 (Exp)]
    STAR      [reduce using rule 41 (Exp)]
    DIV       [reduce using rule 41 (Exp)]
    DOT       [reduce using rule 41 (Exp)]
    LB        [reduce using rule 41 (Exp)]
    $default  reduce using rule 41 (Exp)


state 95

   38 Exp: Exp . ASSIGNOP Exp
   39    | Exp . AND Exp
   40    | Exp . OR Exp
   41    | Exp . RELOP Exp
   42    | Exp . PLUS Exp
   42    | Exp PLUS Exp .
   43    | Exp . MINUS Exp
   44    | Exp . STAR Exp
   45    | Exp . DIV Exp
   51    | Exp . LB Exp RB
   52    | Exp . DOT ID

    ASSIGNOP  shift, and go to state 72
    AND       shift, and go to state 73
    OR        shift, and go to state 74
    RELOP     shift, and go to state 75
    PLUS      shift, and go to state 76
    MINUS     shift, and go to state 77
    STAR      shift, and go to state 78
    DIV       shift, and go to state 79
    DOT       shift, and go to state 80
    LB        shift, and go to state 81

    ASSIGNOP  [reduce using rule 42 (Exp)]
    AND       [reduce using rule 42 (Exp)]
    OR        [reduce using rule 42 (Exp)]
    RELOP     [reduce using rule 42 (Exp)]
    PLUS      [reduce using rule 42 (Exp)]
    MINUS     [reduce using rule 42 (Exp)]
    STAR      [reduce using rule 42 (Exp)]
    DIV       [reduce using rule 42 (Exp)]
    DOT       [reduce using rule 42 (Exp)]
    LB        [reduce using rule 42 (Exp)]
    $default  reduce using rule 42 (Exp)


state 96

   38 Exp: Exp . ASSIGNOP Exp
   39    | Exp . AND Exp
   40    | Exp . OR Exp
   41    | Exp . RELOP Exp
   42    | Exp . PLUS Exp
   43    | Exp . MINUS Exp
   43    | Exp MINUS Exp .
   44    | Exp . STAR Exp
   45    | Exp . DIV Exp
   51    | Exp . LB Exp RB
   52    | Exp . DOT ID

    ASSIGNOP  shift, and go to state 72
    AND       shift, and go to state 73
    OR        shift, and go to state 74
    RELOP     shift, and go to state 75
    PLUS      shift, and go to state 76
    MINUS     shift, and go to state 77
    STAR      shift, and go to state 78
    DIV       shift, and go to state 79
    DOT       shift, and go to state 80
    LB        shift, and go to state 81

    ASSIGNOP  [reduce using rule 43 (Exp)]
    AND       [reduce using rule 43 (Exp)]
    OR        [reduce using rule 43 (Exp)]
    RELOP     [reduce using rule 43 (Exp)]
    PLUS      [reduce using rule 43 (Exp)]
    MINUS     [reduce using rule 43 (Exp)]
    STAR      [reduce using rule 43 (Exp)]
    DIV       [reduce using rule 43 (Exp)]
    DOT       [reduce using rule 43 (Exp)]
    LB        [reduce using rule 43 (Exp)]
    $default  reduce using rule 43 (Exp)


state 97

   38 Exp: Exp . ASSIGNOP Exp
   39    | Exp . AND Exp
   40    | Exp . OR Exp
   41    | Exp . RELOP Exp
   42    | Exp . PLUS Exp
   43    | Exp . MINUS Exp
   44    | Exp . STAR Exp
   44    | Exp STAR Exp .
   45    | Exp . DIV Exp
   51    | Exp . LB Exp RB
   52    | Exp . DOT ID

    ASSIGNOP  shift, and go to state 72
    AND       shift, and go to state 73
    OR        shift, and go to state 74
    RELOP     shift, and go to state 75
    PLUS      shift, and go to state 76
    MINUS     shift, and go to state 77
    STAR      shift, and go to state 78
    DIV       shift, and go to state 79
    DOT       shift, and go to state 80
    LB        shift, and go to state 81

    ASSIGNOP  [reduce using rule 44 (Exp)]
    AND       [reduce using rule 44 (Exp)]
    OR        [reduce using rule 44 (Exp)]
    RELOP     [reduce using rule 44 (Exp)]
    PLUS      [reduce using rule 44 (Exp)]
    MINUS     [reduce using rule 44 (Exp)]
    STAR      [reduce using rule 44 (Exp)]
    DIV       [reduce using rule 44 (Exp)]
    DOT       [reduce using rule 44 (Exp)]
    LB        [reduce using rule 44 (Exp)]
    $default  reduce using rule 44 (Exp)


state 98

   38 Exp: Exp . ASSIGNOP Exp
   39    | Exp . AND Exp
   40    | Exp . OR Exp
   41    | Exp . RELOP Exp
   42    | Exp . PLUS Exp
   43    | Exp . MINUS Exp
   44    | Exp . STAR Exp
   45    | Exp . DIV Exp
   45    | Exp DIV Exp .
   51    | Exp . LB Exp RB
   52    | Exp . DOT ID

    ASSIGNOP  shift, and go to state 72
    AND       shift, and go to state 73
    OR        shift, and go to state 74
    RELOP     shift, and go to state 75
    PLUS      shift, and go to state 76
    MINUS     shift, and go to state 77
    STAR      shift, and go to state 78
    DOT       shift, and go to state 80
    LB        shift, and go to state 81

    ASSIGNOP  [reduce using rule 45 (Exp)]
    AND       [reduce using rule 45 (Exp)]
    OR        [reduce using rule 45 (Exp)]
    RELOP     [reduce using rule 45 (Exp)]
    PLUS      [reduce using rule 45 (Exp)]
    MINUS     [reduce using rule 45 (Exp)]
    STAR      [reduce using rule 45 (Exp)]
    DOT       [reduce using rule 45 (Exp)]
    LB        [reduce using rule 45 (Exp)]
    $default  reduce using rule 45 (Exp)


state 99

   52 Exp: Exp DOT ID .

    $default  reduce using rule 52 (Exp)


state 100

   38 Exp: Exp . ASSIGNOP Exp
   39    | Exp . AND Exp
   40    | Exp . OR Exp
   41    | Exp . RELOP Exp
   42    | Exp . PLUS Exp
   43    | Exp . MINUS Exp
   44    | Exp . STAR Exp
   45    | Exp . DIV Exp
   51    | Exp . LB Exp RB
   51    | Exp LB Exp . RB
   52    | Exp . DOT ID

    ASSIGNOP  shift, and go to state 72
    AND       shift, and go to state 73
    OR        shift, and go to state 74
    RELOP     shift, and go to state 75
    PLUS      shift, and go to state 76
    MINUS     shift, and go to state 77
    STAR      shift, and go to state 78
    DIV       shift, and go to state 79
    DOT       shift, and go to state 80
    LB        shift, and go to state 81
    RB        shift, and go to state 105


state 101

   56 Args: Exp COMMA . Args

    INT    shift, and go to state 45
    FLOAT  shift, and go to state 46
    ID     shift, and go to state 47
    NOT    shift, and go to state 48
    MINUS  shift, and go to state 49
    LP     shift, and go to state 50

    Exp   go to state 85
    Args  go to state 106


state 102

   49 Exp: ID LP Args RP .

    $default  reduce using rule 49 (Exp)


state 103

   29 Stmt: IF LP Exp RP . Stmt ELSE Stmt

    INT     shift, and go to state 45
    FLOAT   shift, and go to state 46
    ID      shift, and go to state 47
    NOT     shift, and go to state 48
    MINUS   shift, and go to state 49
    LP      shift, and go to state 50
    LC      shift, and go to state 23
    RETURN  shift, and go to state 51
    IF      shift, and go to state 52
    WHILE   shift, and go to state 53

    CompSt  go to state 54
    Stmt    go to state 107
    Exp     go to state 57


state 104

   30 Stmt: WHILE LP Exp RP . Stmt

    INT     shift, and go to state 45
    FLOAT   shift, and go to state 46
    ID      shift, and go to state 47
    NOT     shift, and go to state 48
    MINUS   shift, and go to state 49
    LP      shift, and go to state 50
    LC      shift, and go to state 23
    RETURN  shift, and go to state 51
    IF      shift, and go to state 52
    WHILE   shift, and go to state 53

    CompSt  go to state 54
    Stmt    go to state 108
    Exp     go to state 57


state 105

   51 Exp: Exp LB Exp RB .

    $default  reduce using rule 51 (Exp)


state 106

   56 Args: Exp COMMA Args .

    $default  reduce using rule 56 (Args)


state 107

   29 Stmt: IF LP Exp RP Stmt . ELSE Stmt

    ELSE  shift, and go to state 109


state 108

   30 Stmt: WHILE LP Exp RP Stmt .

    $default  reduce using rule 30 (Stmt)


state 109

   29 Stmt: IF LP Exp RP Stmt ELSE . Stmt

    INT     shift, and go to state 45
    FLOAT   shift, and go to state 46
    ID      shift, and go to state 47
    NOT     shift, and go to state 48
    MINUS   shift, and go to state 49
    LP      shift, and go to state 50
    LC      shift, and go to state 23
    RETURN  shift, and go to state 51
    IF      shift, and go to state 52
    WHILE   shift, and go to state 53

    CompSt  go to state 54
    Stmt    go to state 110
    Exp     go to state 57


state 110

   29 Stmt: IF LP Exp RP Stmt ELSE Stmt .

    $default  reduce using rule 29 (Stmt)
